Analysis & Synthesis report for fakequidditch
Sat May 04 16:39:10 2019
Quartus II 64-Bit Version 13.1.0 Build 162 10/23/2013 SJ Web Edition


---------------------
; Table of Contents ;
---------------------
  1. Legal Notice
  2. Analysis & Synthesis Summary
  3. Analysis & Synthesis Settings
  4. Parallel Compilation
  5. Analysis & Synthesis Source Files Read
  6. Analysis & Synthesis Resource Usage Summary
  7. Analysis & Synthesis Resource Utilization by Entity
  8. Analysis & Synthesis DSP Block Usage Summary
  9. State Machine - |fakequidditch|team2_controller:t2_ctrl|ver_state
 10. State Machine - |fakequidditch|team1_controller:t1_ctrl|ver_state
 11. General Register Statistics
 12. Inverted Register Statistics
 13. Multiplexer Restructuring Statistics (Restructuring Performed)
 14. Parameter Settings for User Entity Instance: Top-level Entity: |fakequidditch
 15. Parameter Settings for User Entity Instance: team1_controller:t1_ctrl
 16. Parameter Settings for User Entity Instance: team2_controller:t2_ctrl
 17. Parameter Settings for User Entity Instance: vga_controller:vga_cont
 18. Port Connectivity Checks: "clock_divider:cd"
 19. Elapsed Time Per Partition
 20. Analysis & Synthesis Messages



----------------
; Legal Notice ;
----------------
Copyright (C) 1991-2013 Altera Corporation
Your use of Altera Corporation's design tools, logic functions 
and other software and tools, and its AMPP partner logic 
functions, and any output files from any of the foregoing 
(including device programming or simulation files), and any 
associated documentation or information are expressly subject 
to the terms and conditions of the Altera Program License 
Subscription Agreement, Altera MegaCore Function License 
Agreement, or other applicable license agreement, including, 
without limitation, that your use is for the sole purpose of 
programming logic devices manufactured by Altera and sold by 
Altera or its authorized distributors.  Please refer to the 
applicable agreement for further details.



+------------------------------------------------------------------------------+
; Analysis & Synthesis Summary                                                 ;
+---------------------------------+--------------------------------------------+
; Analysis & Synthesis Status     ; Successful - Sat May 04 16:39:10 2019      ;
; Quartus II 64-Bit Version       ; 13.1.0 Build 162 10/23/2013 SJ Web Edition ;
; Revision Name                   ; fakequidditch                              ;
; Top-level Entity Name           ; fakequidditch                              ;
; Family                          ; Cyclone V                                  ;
; Logic utilization (in ALMs)     ; N/A                                        ;
; Total registers                 ; 232                                        ;
; Total pins                      ; 32                                         ;
; Total virtual pins              ; 0                                          ;
; Total block memory bits         ; 0                                          ;
; Total DSP Blocks                ; 92                                         ;
; Total HSSI RX PCSs              ; 0                                          ;
; Total HSSI PMA RX Deserializers ; 0                                          ;
; Total HSSI TX PCSs              ; 0                                          ;
; Total HSSI TX Channels          ; 0                                          ;
; Total PLLs                      ; 0                                          ;
; Total DLLs                      ; 0                                          ;
+---------------------------------+--------------------------------------------+


+---------------------------------------------------------------------------------------------------------------------------+
; Analysis & Synthesis Settings                                                                                             ;
+---------------------------------------------------------------------------------+--------------------+--------------------+
; Option                                                                          ; Setting            ; Default Value      ;
+---------------------------------------------------------------------------------+--------------------+--------------------+
; Device                                                                          ; 5CSEMA5F31C6       ;                    ;
; Top-level entity name                                                           ; fakequidditch      ; fakequidditch      ;
; Family name                                                                     ; Cyclone V          ; Cyclone IV GX      ;
; Use smart compilation                                                           ; Off                ; Off                ;
; Enable parallel Assembler and TimeQuest Timing Analyzer during compilation      ; On                 ; On                 ;
; Enable compact report table                                                     ; Off                ; Off                ;
; Restructure Multiplexers                                                        ; Auto               ; Auto               ;
; MLAB Add Timing Constraints For Mixed-Port Feed-Through Mode Setting Don't Care ; Off                ; Off                ;
; Create Debugging Nodes for IP Cores                                             ; Off                ; Off                ;
; Preserve fewer node names                                                       ; On                 ; On                 ;
; Disable OpenCore Plus hardware evaluation                                       ; Off                ; Off                ;
; Verilog Version                                                                 ; Verilog_2001       ; Verilog_2001       ;
; VHDL Version                                                                    ; VHDL_1993          ; VHDL_1993          ;
; State Machine Processing                                                        ; Auto               ; Auto               ;
; Safe State Machine                                                              ; Off                ; Off                ;
; Extract Verilog State Machines                                                  ; On                 ; On                 ;
; Extract VHDL State Machines                                                     ; On                 ; On                 ;
; Ignore Verilog initial constructs                                               ; Off                ; Off                ;
; Iteration limit for constant Verilog loops                                      ; 5000               ; 5000               ;
; Iteration limit for non-constant Verilog loops                                  ; 250                ; 250                ;
; Add Pass-Through Logic to Inferred RAMs                                         ; On                 ; On                 ;
; Infer RAMs from Raw Logic                                                       ; On                 ; On                 ;
; Parallel Synthesis                                                              ; On                 ; On                 ;
; DSP Block Balancing                                                             ; Auto               ; Auto               ;
; NOT Gate Push-Back                                                              ; On                 ; On                 ;
; Power-Up Don't Care                                                             ; On                 ; On                 ;
; Remove Redundant Logic Cells                                                    ; Off                ; Off                ;
; Remove Duplicate Registers                                                      ; On                 ; On                 ;
; Ignore CARRY Buffers                                                            ; Off                ; Off                ;
; Ignore CASCADE Buffers                                                          ; Off                ; Off                ;
; Ignore GLOBAL Buffers                                                           ; Off                ; Off                ;
; Ignore ROW GLOBAL Buffers                                                       ; Off                ; Off                ;
; Ignore LCELL Buffers                                                            ; Off                ; Off                ;
; Ignore SOFT Buffers                                                             ; On                 ; On                 ;
; Limit AHDL Integers to 32 Bits                                                  ; Off                ; Off                ;
; Optimization Technique                                                          ; Balanced           ; Balanced           ;
; Carry Chain Length                                                              ; 70                 ; 70                 ;
; Auto Carry Chains                                                               ; On                 ; On                 ;
; Auto Open-Drain Pins                                                            ; On                 ; On                 ;
; Perform WYSIWYG Primitive Resynthesis                                           ; Off                ; Off                ;
; Auto ROM Replacement                                                            ; On                 ; On                 ;
; Auto RAM Replacement                                                            ; On                 ; On                 ;
; Auto DSP Block Replacement                                                      ; On                 ; On                 ;
; Auto Shift Register Replacement                                                 ; Auto               ; Auto               ;
; Allow Shift Register Merging across Hierarchies                                 ; Auto               ; Auto               ;
; Auto Clock Enable Replacement                                                   ; On                 ; On                 ;
; Strict RAM Replacement                                                          ; Off                ; Off                ;
; Allow Synchronous Control Signals                                               ; On                 ; On                 ;
; Force Use of Synchronous Clear Signals                                          ; Off                ; Off                ;
; Auto Resource Sharing                                                           ; Off                ; Off                ;
; Allow Any RAM Size For Recognition                                              ; Off                ; Off                ;
; Allow Any ROM Size For Recognition                                              ; Off                ; Off                ;
; Allow Any Shift Register Size For Recognition                                   ; Off                ; Off                ;
; Use LogicLock Constraints during Resource Balancing                             ; On                 ; On                 ;
; Ignore translate_off and synthesis_off directives                               ; Off                ; Off                ;
; Timing-Driven Synthesis                                                         ; On                 ; On                 ;
; Report Parameter Settings                                                       ; On                 ; On                 ;
; Report Source Assignments                                                       ; On                 ; On                 ;
; Report Connectivity Checks                                                      ; On                 ; On                 ;
; Ignore Maximum Fan-Out Assignments                                              ; Off                ; Off                ;
; Synchronization Register Chain Length                                           ; 3                  ; 3                  ;
; PowerPlay Power Optimization                                                    ; Normal compilation ; Normal compilation ;
; HDL message level                                                               ; Level2             ; Level2             ;
; Suppress Register Optimization Related Messages                                 ; Off                ; Off                ;
; Number of Removed Registers Reported in Synthesis Report                        ; 5000               ; 5000               ;
; Number of Swept Nodes Reported in Synthesis Report                              ; 5000               ; 5000               ;
; Number of Inverted Registers Reported in Synthesis Report                       ; 100                ; 100                ;
; Clock MUX Protection                                                            ; On                 ; On                 ;
; Auto Gated Clock Conversion                                                     ; Off                ; Off                ;
; Block Design Naming                                                             ; Auto               ; Auto               ;
; SDC constraint protection                                                       ; Off                ; Off                ;
; Synthesis Effort                                                                ; Auto               ; Auto               ;
; Shift Register Replacement - Allow Asynchronous Clear Signal                    ; On                 ; On                 ;
; Pre-Mapping Resynthesis Optimization                                            ; Off                ; Off                ;
; Analysis & Synthesis Message Level                                              ; Medium             ; Medium             ;
; Disable Register Merging Across Hierarchies                                     ; Auto               ; Auto               ;
; Resource Aware Inference For Block RAM                                          ; On                 ; On                 ;
; Synthesis Seed                                                                  ; 1                  ; 1                  ;
; Automatic Parallel Synthesis                                                    ; On                 ; On                 ;
+---------------------------------------------------------------------------------+--------------------+--------------------+


+------------------------------------------+
; Parallel Compilation                     ;
+----------------------------+-------------+
; Processors                 ; Number      ;
+----------------------------+-------------+
; Number detected on machine ; 4           ;
; Maximum allowed            ; 2           ;
;                            ;             ;
; Average used               ; 1.00        ;
; Maximum used               ; 2           ;
;                            ;             ;
; Usage by Processor         ; % Time Used ;
;     Processor 1            ; 100.0%      ;
;     Processor 2            ; < 0.1%      ;
;     Processors 3-4         ;   0.0%      ;
+----------------------------+-------------+


+-------------------------------------------------------------------------------------------------------------------------------------------------------------------+
; Analysis & Synthesis Source Files Read                                                                                                                            ;
+------------------------------------+-----------------+------------------------+-------------------------------------------------------------------------+---------+
; File Name with User-Entered Path   ; Used in Netlist ; File Type              ; File Name with Absolute Path                                            ; Library ;
+------------------------------------+-----------------+------------------------+-------------------------------------------------------------------------+---------+
; fakequidditch.v                    ; yes             ; User Verilog HDL File  ; C:/Users/Cansu/Desktop/fakequidditch/fakequidditch.v                    ;         ;
; clock_divider.v                    ; yes             ; User Verilog HDL File  ; C:/Users/Cansu/Desktop/fakequidditch/clock_divider.v                    ;         ;
; vga_controller/vga_vertical.v      ; yes             ; User Verilog HDL File  ; C:/Users/Cansu/Desktop/fakequidditch/vga_controller/vga_vertical.v      ;         ;
; vga_controller/vga_horizontal.v    ; yes             ; User Verilog HDL File  ; C:/Users/Cansu/Desktop/fakequidditch/vga_controller/vga_horizontal.v    ;         ;
; vga_controller/vga_controller.v    ; yes             ; User Verilog HDL File  ; C:/Users/Cansu/Desktop/fakequidditch/vga_controller/vga_controller.v    ;         ;
; game_controller/team1_controller.v ; yes             ; User Verilog HDL File  ; C:/Users/Cansu/Desktop/fakequidditch/game_controller/team1_controller.v ;         ;
; game_controller/team2_controller.v ; yes             ; User Verilog HDL File  ; C:/Users/Cansu/Desktop/fakequidditch/game_controller/team2_controller.v ;         ;
+------------------------------------+-----------------+------------------------+-------------------------------------------------------------------------+---------+


+------------------------------------------------------------------------+
; Analysis & Synthesis Resource Usage Summary                            ;
+---------------------------------------------+--------------------------+
; Resource                                    ; Usage                    ;
+---------------------------------------------+--------------------------+
; Estimate of Logic utilization (ALMs needed) ; 867                      ;
;                                             ;                          ;
; Combinational ALUT usage for logic          ; 1647                     ;
;     -- 7 input functions                    ; 0                        ;
;     -- 6 input functions                    ; 84                       ;
;     -- 5 input functions                    ; 119                      ;
;     -- 4 input functions                    ; 39                       ;
;     -- <=3 input functions                  ; 1405                     ;
;                                             ;                          ;
; Dedicated logic registers                   ; 232                      ;
;                                             ;                          ;
; I/O pins                                    ; 32                       ;
; Total DSP Blocks                            ; 92                       ;
; Maximum fan-out node                        ; clock_divider:cd|clk_out ;
; Maximum fan-out                             ; 200                      ;
; Total fan-out                               ; 7145                     ;
; Average fan-out                             ; 3.51                     ;
+---------------------------------------------+--------------------------+


+----------------------------------------------------------------------------------------------------------------------------------------------------------------------------------+
; Analysis & Synthesis Resource Utilization by Entity                                                                                                                              ;
+-------------------------------+-------------------+--------------+-------------------+------------+------+--------------+-----------------------------------------+--------------+
; Compilation Hierarchy Node    ; LC Combinationals ; LC Registers ; Block Memory Bits ; DSP Blocks ; Pins ; Virtual Pins ; Full Hierarchy Name                     ; Library Name ;
+-------------------------------+-------------------+--------------+-------------------+------------+------+--------------+-----------------------------------------+--------------+
; |fakequidditch                ; 1647 (0)          ; 232 (0)      ; 0                 ; 92         ; 32   ; 0            ; |fakequidditch                          ; work         ;
;    |clock_divider:cd|         ; 39 (39)           ; 33 (33)      ; 0                 ; 0          ; 0    ; 0            ; |fakequidditch|clock_divider:cd         ; work         ;
;    |team1_controller:t1_ctrl| ; 109 (109)         ; 77 (77)      ; 0                 ; 0          ; 0    ; 0            ; |fakequidditch|team1_controller:t1_ctrl ; work         ;
;    |team2_controller:t2_ctrl| ; 110 (110)         ; 77 (77)      ; 0                 ; 0          ; 0    ; 0            ; |fakequidditch|team2_controller:t2_ctrl ; work         ;
;    |vga_controller:vga_cont|  ; 1365 (1365)       ; 24 (24)      ; 0                 ; 92         ; 0    ; 0            ; |fakequidditch|vga_controller:vga_cont  ; work         ;
;    |vga_horizontal:vga_hor|   ; 13 (13)           ; 11 (11)      ; 0                 ; 0          ; 0    ; 0            ; |fakequidditch|vga_horizontal:vga_hor   ; work         ;
;    |vga_vertical:vga_ver|     ; 11 (11)           ; 10 (10)      ; 0                 ; 0          ; 0    ; 0            ; |fakequidditch|vga_vertical:vga_ver     ; work         ;
+-------------------------------+-------------------+--------------+-------------------+------------+------+--------------+-----------------------------------------+--------------+
Note: For table entries with two numbers listed, the numbers in parentheses indicate the number of resources of the given type used by the specific entity alone. The numbers listed outside of parentheses indicate the total resources of the given type used by the specific entity and all of its sub-entities in the hierarchy.


+-----------------------------------------------------------------------------+
; Analysis & Synthesis DSP Block Usage Summary                                ;
+---------------------+-------------+---------------------+-------------------+
; Statistic           ; Number Used ; Available per Block ; Maximum Available ;
+---------------------+-------------+---------------------+-------------------+
; Independent 18x18   ; 46          ; 2.00                ; --                ;
; Sum of two 18x18    ; 46          ; 1.00                ; --                ;
; DSP Block           ; 92          ; --                  ; --                ;
; DSP 18-bit Element  ; 138         ; 2.00                ; --                ;
; Unsigned Multiplier ; 138         ; --                  ; --                ;
+---------------------+-------------+---------------------+-------------------+


Encoding Type:  One-Hot
+-------------------------------------------------------------------+
; State Machine - |fakequidditch|team2_controller:t2_ctrl|ver_state ;
+-----------------+-----------------+----------------+--------------+
; Name            ; ver_state.float ; ver_state.down ; ver_state.up ;
+-----------------+-----------------+----------------+--------------+
; ver_state.float ; 0               ; 0              ; 0            ;
; ver_state.up    ; 1               ; 0              ; 1            ;
; ver_state.down  ; 1               ; 1              ; 0            ;
+-----------------+-----------------+----------------+--------------+


Encoding Type:  One-Hot
+-------------------------------------------------------------------+
; State Machine - |fakequidditch|team1_controller:t1_ctrl|ver_state ;
+-----------------+-----------------+----------------+--------------+
; Name            ; ver_state.float ; ver_state.down ; ver_state.up ;
+-----------------+-----------------+----------------+--------------+
; ver_state.float ; 0               ; 0              ; 0            ;
; ver_state.up    ; 1               ; 0              ; 1            ;
; ver_state.down  ; 1               ; 1              ; 0            ;
+-----------------+-----------------+----------------+--------------+


+------------------------------------------------------+
; General Register Statistics                          ;
+----------------------------------------------+-------+
; Statistic                                    ; Value ;
+----------------------------------------------+-------+
; Total registers                              ; 232   ;
; Number of registers using Synchronous Clear  ; 180   ;
; Number of registers using Synchronous Load   ; 0     ;
; Number of registers using Asynchronous Clear ; 0     ;
; Number of registers using Asynchronous Load  ; 0     ;
; Number of registers using Clock Enable       ; 30    ;
; Number of registers using Preset             ; 0     ;
+----------------------------------------------+-------+


+-----------------------------------------------------+
; Inverted Register Statistics                        ;
+-------------------------------------------+---------+
; Inverted Register                         ; Fan out ;
+-------------------------------------------+---------+
; team1_controller:t1_ctrl|team1_ver_pos[3] ; 4       ;
; team1_controller:t1_ctrl|team1_ver_pos[6] ; 4       ;
; team1_controller:t1_ctrl|team1_ver_pos[7] ; 4       ;
; team2_controller:t2_ctrl|team2_ver_pos[2] ; 4       ;
; team2_controller:t2_ctrl|team2_ver_pos[3] ; 4       ;
; team2_controller:t2_ctrl|team2_ver_pos[5] ; 4       ;
; team2_controller:t2_ctrl|team2_ver_pos[8] ; 4       ;
; Total number of inverted registers = 7    ;         ;
+-------------------------------------------+---------+


+------------------------------------------------------------------------------------------------------------------------------------------------------------------------+
; Multiplexer Restructuring Statistics (Restructuring Performed)                                                                                                         ;
+--------------------+-----------+---------------+----------------------+------------------------+------------+----------------------------------------------------------+
; Multiplexer Inputs ; Bus Width ; Baseline Area ; Area if Restructured ; Saving if Restructured ; Registered ; Example Multiplexer Output                               ;
+--------------------+-----------+---------------+----------------------+------------------------+------------+----------------------------------------------------------+
; 5:1                ; 7 bits    ; 21 LEs        ; 0 LEs                ; 21 LEs                 ; Yes        ; |fakequidditch|team1_controller:t1_ctrl|team1_ver_pos[0] ;
; 5:1                ; 6 bits    ; 18 LEs        ; 0 LEs                ; 18 LEs                 ; Yes        ; |fakequidditch|team2_controller:t2_ctrl|team2_ver_pos[6] ;
; 5:1                ; 3 bits    ; 9 LEs         ; 0 LEs                ; 9 LEs                  ; Yes        ; |fakequidditch|team1_controller:t1_ctrl|team1_ver_pos[6] ;
; 5:1                ; 4 bits    ; 12 LEs        ; 0 LEs                ; 12 LEs                 ; Yes        ; |fakequidditch|team2_controller:t2_ctrl|team2_ver_pos[8] ;
+--------------------+-----------+---------------+----------------------+------------------------+------------+----------------------------------------------------------+


+-------------------------------------------------------------------------------+
; Parameter Settings for User Entity Instance: Top-level Entity: |fakequidditch ;
+----------------+-------+------------------------------------------------------+
; Parameter Name ; Value ; Type                                                 ;
+----------------+-------+------------------------------------------------------+
; div            ; 2     ; Signed Integer                                       ;
+----------------+-------+------------------------------------------------------+
Note: In order to hide this table in the UI and the text report file, please set the "Show Parameter Settings in Synthesis Report" option in "Analysis and Synthesis Settings -> More Settings" to "Off".


+-----------------------------------------------------------------------+
; Parameter Settings for User Entity Instance: team1_controller:t1_ctrl ;
+----------------+----------------------------------+-------------------+
; Parameter Name ; Value                            ; Type              ;
+----------------+----------------------------------+-------------------+
; float          ; 00000000000000000000000000000000 ; Unsigned Binary   ;
; up             ; 00000000000000000000000000000001 ; Unsigned Binary   ;
; down           ; 00000000000000000000000000000010 ; Unsigned Binary   ;
+----------------+----------------------------------+-------------------+
Note: In order to hide this table in the UI and the text report file, please set the "Show Parameter Settings in Synthesis Report" option in "Analysis and Synthesis Settings -> More Settings" to "Off".


+-----------------------------------------------------------------------+
; Parameter Settings for User Entity Instance: team2_controller:t2_ctrl ;
+----------------+----------------------------------+-------------------+
; Parameter Name ; Value                            ; Type              ;
+----------------+----------------------------------+-------------------+
; float          ; 00000000000000000000000000000000 ; Unsigned Binary   ;
; up             ; 00000000000000000000000000000001 ; Unsigned Binary   ;
; down           ; 00000000000000000000000000000010 ; Unsigned Binary   ;
+----------------+----------------------------------+-------------------+
Note: In order to hide this table in the UI and the text report file, please set the "Show Parameter Settings in Synthesis Report" option in "Analysis and Synthesis Settings -> More Settings" to "Off".


+----------------------------------------------------------------------+
; Parameter Settings for User Entity Instance: vga_controller:vga_cont ;
+----------------+-------+---------------------------------------------+
; Parameter Name ; Value ; Type                                        ;
+----------------+-------+---------------------------------------------+
; PLAYER_RADIUS  ; 25    ; Signed Integer                              ;
; GOAL_RADIUS    ; 40    ; Signed Integer                              ;
; BALL_RADIUS    ; 5     ; Signed Integer                              ;
+----------------+-------+---------------------------------------------+
Note: In order to hide this table in the UI and the text report file, please set the "Show Parameter Settings in Synthesis Report" option in "Analysis and Synthesis Settings -> More Settings" to "Off".


+-------------------------------------------------------------------------------------------------------------------------------------------------------------------------------------------------------------------------+
; Port Connectivity Checks: "clock_divider:cd"                                                                                                                                                                            ;
+-----------------+-------+----------+------------------------------------------------------------------------------------------------------------------------------------------------------------------------------------+
; Port            ; Type  ; Severity ; Details                                                                                                                                                                            ;
+-----------------+-------+----------+------------------------------------------------------------------------------------------------------------------------------------------------------------------------------------+
; division        ; Input ; Warning  ; Input port expression (32 bits) is wider than the input port (26 bits) it drives.  The 6 most-significant bit(s) in the expression will be dangling if they have no other fanouts. ;
; division[25..2] ; Input ; Info     ; Stuck at GND                                                                                                                                                                       ;
; division[1]     ; Input ; Info     ; Stuck at VCC                                                                                                                                                                       ;
; division[0]     ; Input ; Info     ; Stuck at GND                                                                                                                                                                       ;
+-----------------+-------+----------+------------------------------------------------------------------------------------------------------------------------------------------------------------------------------------+


+-------------------------------+
; Elapsed Time Per Partition    ;
+----------------+--------------+
; Partition Name ; Elapsed Time ;
+----------------+--------------+
; Top            ; 00:00:02     ;
+----------------+--------------+


+-------------------------------+
; Analysis & Synthesis Messages ;
+-------------------------------+
Info: *******************************************************************
Info: Running Quartus II 64-Bit Analysis & Synthesis
    Info: Version 13.1.0 Build 162 10/23/2013 SJ Web Edition
    Info: Processing started: Sat May 04 16:39:05 2019
Info: Command: quartus_map --read_settings_files=on --write_settings_files=off fakequidditch -c fakequidditch
Info (11104): Parallel Compilation has detected 4 hyper-threaded processors. However, the extra hyper-threaded processors will not be used by default. Parallel Compilation will use 2 of the 2 physical processors detected instead.
Info (12021): Found 1 design units, including 1 entities, in source file fakequidditch.v
    Info (12023): Found entity 1: fakequidditch
Info (12021): Found 1 design units, including 1 entities, in source file clock_divider.v
    Info (12023): Found entity 1: clock_divider
Info (12021): Found 1 design units, including 1 entities, in source file vga_controller/vga_vertical.v
    Info (12023): Found entity 1: vga_vertical
Info (12021): Found 1 design units, including 1 entities, in source file vga_controller/vga_horizontal.v
    Info (12023): Found entity 1: vga_horizontal
Info (12021): Found 1 design units, including 1 entities, in source file vga_controller/vga_controller.v
    Info (12023): Found entity 1: vga_controller
Info (12021): Found 1 design units, including 1 entities, in source file game_controller/team1_controller.v
    Info (12023): Found entity 1: team1_controller
Info (12021): Found 1 design units, including 1 entities, in source file game_controller/team2_controller.v
    Info (12023): Found entity 1: team2_controller
Info (12021): Found 1 design units, including 1 entities, in source file game_controller/ball_controller.v
    Info (12023): Found entity 1: ball_controller
Info (12127): Elaborating entity "fakequidditch" for the top level hierarchy
Info (12128): Elaborating entity "clock_divider" for hierarchy "clock_divider:cd"
Info (12128): Elaborating entity "vga_horizontal" for hierarchy "vga_horizontal:vga_hor"
Warning (10230): Verilog HDL assignment warning at vga_horizontal.v(14): truncated value with size 32 to match size of target (10)
Info (12128): Elaborating entity "vga_vertical" for hierarchy "vga_vertical:vga_ver"
Warning (10230): Verilog HDL assignment warning at vga_vertical.v(14): truncated value with size 32 to match size of target (10)
Info (12128): Elaborating entity "team1_controller" for hierarchy "team1_controller:t1_ctrl"
Warning (10230): Verilog HDL assignment warning at team1_controller.v(57): truncated value with size 32 to match size of target (10)
Warning (10230): Verilog HDL assignment warning at team1_controller.v(60): truncated value with size 32 to match size of target (10)
Info (12128): Elaborating entity "team2_controller" for hierarchy "team2_controller:t2_ctrl"
Warning (10230): Verilog HDL assignment warning at team2_controller.v(57): truncated value with size 32 to match size of target (10)
Warning (10230): Verilog HDL assignment warning at team2_controller.v(60): truncated value with size 32 to match size of target (10)
Info (12128): Elaborating entity "vga_controller" for hierarchy "vga_controller:vga_cont"
Warning (12241): 1 hierarchies have connectivity warnings - see the Connectivity Checks report folder
Info (286030): Timing-Driven Synthesis is running
Info (16010): Generating hard_block partition "hard_block:auto_generated_inst"
    Info (16011): Adding 0 node(s), including 0 DDIO, 0 PLL, 0 transceiver and 0 LCELL
Info (21057): Implemented 1796 device resources after synthesis - the final resource count might be different
    Info (21058): Implemented 5 input pins
    Info (21059): Implemented 27 output pins
    Info (21061): Implemented 1672 logic cells
    Info (21062): Implemented 92 DSP elements
Info: Quartus II 64-Bit Analysis & Synthesis was successful. 0 errors, 7 warnings
    Info: Peak virtual memory: 4752 megabytes
    Info: Processing ended: Sat May 04 16:39:10 2019
    Info: Elapsed time: 00:00:05
    Info: Total CPU time (on all processors): 00:00:05


